{"D:\\1TEST\\TS实现算法\\src\\deque.ts": {"path":"D:\\1TEST\\TS实现算法\\src\\deque.ts","statementMap":{"0":{"start":{"line":1,"column":0},"end":{"line":1,"column":null}},"1":{"start":{"line":7,"column":8},"end":{"line":7,"column":23}},"2":{"start":{"line":8,"column":8},"end":{"line":8,"column":29}},"3":{"start":{"line":9,"column":8},"end":{"line":9,"column":24}},"4":{"start":{"line":12,"column":4},"end":{"line":32,"column":null}},"5":{"start":{"line":12,"column":4},"end":{"line":12,"column":12}},"6":{"start":{"line":12,"column":13},"end":{"line":12,"column":33}},"7":{"start":{"line":13,"column":8},"end":{"line":13,"column":41}},"8":{"start":{"line":13,"column":34},"end":{"line":13,"column":41}},"9":{"start":{"line":14,"column":8},"end":{"line":16,"column":null}},"10":{"start":{"line":15,"column":12},"end":{"line":15,"column":62}},"11":{"start":{"line":15,"column":43},"end":{"line":15,"column":61}},"12":{"start":{"line":18,"column":20},"end":{"line":18,"column":30}},"13":{"start":{"line":19,"column":8},"end":{"line":21,"column":null}},"14":{"start":{"line":20,"column":12},"end":{"line":20,"column":39}},"15":{"start":{"line":23,"column":8},"end":{"line":30,"column":null}},"16":{"start":{"line":24,"column":12},"end":{"line":24,"column":51}},"17":{"start":{"line":25,"column":15},"end":{"line":30,"column":null}},"18":{"start":{"line":26,"column":12},"end":{"line":28,"column":null}},"19":{"start":{"line":26,"column":25},"end":{"line":26,"column":35}},"20":{"start":{"line":27,"column":16},"end":{"line":27,"column":50}},"21":{"start":{"line":29,"column":12},"end":{"line":29,"column":34}},"22":{"start":{"line":31,"column":8},"end":{"line":31,"column":21}},"23":{"start":{"line":34,"column":4},"end":{"line":40,"column":null}},"24":{"start":{"line":35,"column":8},"end":{"line":35,"column":45}},"25":{"start":{"line":35,"column":28},"end":{"line":35,"column":45}},"26":{"start":{"line":36,"column":21},"end":{"line":36,"column":49}},"27":{"start":{"line":37,"column":8},"end":{"line":37,"column":46}},"28":{"start":{"line":38,"column":8},"end":{"line":38,"column":21}},"29":{"start":{"line":39,"column":8},"end":{"line":39,"column":22}},"30":{"start":{"line":42,"column":4},"end":{"line":47,"column":null}},"31":{"start":{"line":43,"column":8},"end":{"line":43,"column":45}},"32":{"start":{"line":43,"column":28},"end":{"line":43,"column":45}},"33":{"start":{"line":44,"column":21},"end":{"line":44,"column":64}},"34":{"start":{"line":45,"column":8},"end":{"line":45,"column":57}},"35":{"start":{"line":46,"column":8},"end":{"line":46,"column":22}},"36":{"start":{"line":49,"column":4},"end":{"line":51,"column":null}},"37":{"start":{"line":50,"column":8},"end":{"line":50,"column":44}},"38":{"start":{"line":53,"column":4},"end":{"line":55,"column":null}},"39":{"start":{"line":54,"column":8},"end":{"line":54,"column":61}},"40":{"start":{"line":57,"column":4},"end":{"line":65,"column":null}},"41":{"start":{"line":57,"column":4},"end":{"line":57,"column":11}},"42":{"start":{"line":57,"column":12},"end":{"line":57,"column":32}},"43":{"start":{"line":58,"column":8},"end":{"line":64,"column":null}},"44":{"start":{"line":59,"column":12},"end":{"line":59,"column":69}},"45":{"start":{"line":61,"column":12},"end":{"line":63,"column":15}},"46":{"start":{"line":62,"column":16},"end":{"line":62,"column":65}},"47":{"start":{"line":67,"column":4},"end":{"line":70,"column":null}},"48":{"start":{"line":69,"column":8},"end":{"line":69,"column":32}},"49":{"start":{"line":72,"column":4},"end":{"line":74,"column":null}},"50":{"start":{"line":73,"column":8},"end":{"line":73,"column":26}},"51":{"start":{"line":76,"column":4},"end":{"line":79,"column":null}},"52":{"start":{"line":77,"column":8},"end":{"line":77,"column":24}},"53":{"start":{"line":78,"column":8},"end":{"line":78,"column":42}},"54":{"start":{"line":81,"column":4},"end":{"line":87,"column":null}},"55":{"start":{"line":81,"column":4},"end":{"line":81,"column":12}},"56":{"start":{"line":81,"column":13},"end":{"line":81,"column":null}},"57":{"start":{"line":82,"column":8},"end":{"line":86,"column":28}},"58":{"start":{"line":85,"column":39},"end":{"line":85,"column":81}},"59":{"start":{"line":88,"column":0},"end":{"line":88,"column":null}}},"fnMap":{"0":{"name":"(anonymous_0)","decl":{"start":{"line":1,"column":0},"end":{"line":1,"column":null}},"loc":{"start":{"line":1,"column":0},"end":{"line":88,"column":null}}},"1":{"name":"DeQue","decl":{"start":{"line":6,"column":4},"end":{"line":6,"column":null}},"loc":{"start":{"line":6,"column":4},"end":{"line":10,"column":5}}},"2":{"name":"(anonymous_2)","decl":{"start":{"line":12,"column":4},"end":{"line":12,"column":12}},"loc":{"start":{"line":12,"column":4},"end":{"line":32,"column":5}}},"3":{"name":"(anonymous_3)","decl":{"start":{"line":15,"column":35},"end":{"line":15,"column":36}},"loc":{"start":{"line":15,"column":38},"end":{"line":15,"column":47}}},"4":{"name":"(anonymous_4)","decl":{"start":{"line":34,"column":4},"end":{"line":34,"column":15}},"loc":{"start":{"line":34,"column":4},"end":{"line":40,"column":5}}},"5":{"name":"(anonymous_5)","decl":{"start":{"line":42,"column":4},"end":{"line":42,"column":14}},"loc":{"start":{"line":42,"column":4},"end":{"line":47,"column":5}}},"6":{"name":"(anonymous_6)","decl":{"start":{"line":49,"column":4},"end":{"line":49,"column":13}},"loc":{"start":{"line":49,"column":4},"end":{"line":51,"column":5}}},"7":{"name":"(anonymous_7)","decl":{"start":{"line":53,"column":4},"end":{"line":53,"column":12}},"loc":{"start":{"line":53,"column":4},"end":{"line":55,"column":5}}},"8":{"name":"(anonymous_8)","decl":{"start":{"line":57,"column":4},"end":{"line":57,"column":11}},"loc":{"start":{"line":57,"column":4},"end":{"line":65,"column":5}}},"9":{"name":"(anonymous_9)","decl":{"start":{"line":61,"column":28},"end":{"line":61,"column":29}},"loc":{"start":{"line":61,"column":31},"end":{"line":63,"column":13}}},"10":{"name":"(anonymous_10)","decl":{"start":{"line":67,"column":4},"end":{"line":67,"column":11}},"loc":{"start":{"line":67,"column":4},"end":{"line":70,"column":5}}},"11":{"name":"(anonymous_11)","decl":{"start":{"line":72,"column":4},"end":{"line":72,"column":8}},"loc":{"start":{"line":72,"column":4},"end":{"line":74,"column":5}}},"12":{"name":"(anonymous_12)","decl":{"start":{"line":76,"column":4},"end":{"line":76,"column":9}},"loc":{"start":{"line":76,"column":4},"end":{"line":79,"column":5}}},"13":{"name":"(anonymous_13)","decl":{"start":{"line":81,"column":4},"end":{"line":81,"column":12}},"loc":{"start":{"line":81,"column":28},"end":{"line":87,"column":5}}},"14":{"name":"(anonymous_14)","decl":{"start":{"line":85,"column":26},"end":{"line":85,"column":27}},"loc":{"start":{"line":85,"column":34},"end":{"line":85,"column":40}}}},"branchMap":{"0":{"loc":{"start":{"line":13,"column":8},"end":{"line":13,"column":41}},"type":"if","locations":[{"start":{"line":13,"column":8},"end":{"line":13,"column":41}},{"start":{"line":13,"column":8},"end":{"line":13,"column":41}}]},"1":{"loc":{"start":{"line":14,"column":8},"end":{"line":16,"column":null}},"type":"if","locations":[{"start":{"line":14,"column":8},"end":{"line":16,"column":null}},{"start":{"line":14,"column":8},"end":{"line":16,"column":null}}]},"2":{"loc":{"start":{"line":19,"column":8},"end":{"line":21,"column":null}},"type":"if","locations":[{"start":{"line":19,"column":8},"end":{"line":21,"column":null}},{"start":{"line":19,"column":8},"end":{"line":21,"column":null}}]},"3":{"loc":{"start":{"line":23,"column":8},"end":{"line":30,"column":null}},"type":"if","locations":[{"start":{"line":23,"column":8},"end":{"line":30,"column":null}},{"start":{"line":23,"column":8},"end":{"line":30,"column":null}}]},"4":{"loc":{"start":{"line":25,"column":15},"end":{"line":30,"column":null}},"type":"if","locations":[{"start":{"line":25,"column":15},"end":{"line":30,"column":null}},{"start":{"line":25,"column":15},"end":{"line":30,"column":null}}]},"5":{"loc":{"start":{"line":35,"column":8},"end":{"line":35,"column":45}},"type":"if","locations":[{"start":{"line":35,"column":8},"end":{"line":35,"column":45}},{"start":{"line":35,"column":8},"end":{"line":35,"column":45}}]},"6":{"loc":{"start":{"line":43,"column":8},"end":{"line":43,"column":45}},"type":"if","locations":[{"start":{"line":43,"column":8},"end":{"line":43,"column":45}},{"start":{"line":43,"column":8},"end":{"line":43,"column":45}}]},"7":{"loc":{"start":{"line":58,"column":8},"end":{"line":64,"column":null}},"type":"if","locations":[{"start":{"line":58,"column":8},"end":{"line":64,"column":null}},{"start":{"line":58,"column":8},"end":{"line":64,"column":null}}]},"8":{"loc":{"start":{"line":81,"column":13},"end":{"line":81,"column":null}},"type":"if","locations":[{"start":{"line":81,"column":13},"end":{"line":81,"column":null}},{"start":{"line":81,"column":13},"end":{"line":81,"column":null}}]},"9":{"loc":{"start":{"line":83,"column":14},"end":{"line":83,"column":16}},"type":"cond-expr","locations":[{"start":{"line":83,"column":14},"end":{"line":83,"column":16}},{"start":{"line":84,"column":14},"end":{"line":86,"column":27}}]}},"s":{"0":1,"1":6,"2":6,"3":6,"4":1,"5":0,"6":0,"7":0,"8":0,"9":0,"10":0,"11":0,"12":0,"13":0,"14":0,"15":0,"16":0,"17":0,"18":0,"19":0,"20":0,"21":0,"22":0,"23":1,"24":20,"25":0,"26":20,"27":20,"28":20,"29":20,"30":1,"31":20,"32":0,"33":20,"34":20,"35":20,"36":1,"37":0,"38":1,"39":0,"40":1,"41":6,"42":59,"43":6,"44":1,"45":5,"46":46,"47":1,"48":40,"49":1,"50":26,"51":1,"52":0,"53":0,"54":1,"55":0,"56":0,"57":0,"58":0,"59":1},"f":{"0":1,"1":6,"2":0,"3":0,"4":20,"5":20,"6":0,"7":0,"8":6,"9":46,"10":40,"11":26,"12":0,"13":0,"14":0},"b":{"0":[0,0],"1":[0,0],"2":[0,0],"3":[0,0],"4":[0,0],"5":[0,20],"6":[0,20],"7":[1,5],"8":[0,0],"9":[0,0]}}
,"D:\\1TEST\\TS实现算法\\src\\insertSort.ts": {"path":"D:\\1TEST\\TS实现算法\\src\\insertSort.ts","statementMap":{"0":{"start":{"line":2,"column":16},"end":{"line":2,"column":26}},"1":{"start":{"line":3,"column":4},"end":{"line":13,"column":null}},"2":{"start":{"line":3,"column":17},"end":{"line":3,"column":18}},"3":{"start":{"line":4,"column":8},"end":{"line":12,"column":null}},"4":{"start":{"line":5,"column":20},"end":{"line":5,"column":25}},"5":{"start":{"line":6,"column":20},"end":{"line":6,"column":26}},"6":{"start":{"line":7,"column":12},"end":{"line":10,"column":null}},"7":{"start":{"line":8,"column":16},"end":{"line":8,"column":36}},"8":{"start":{"line":9,"column":16},"end":{"line":9,"column":20}},"9":{"start":{"line":11,"column":12},"end":{"line":11,"column":27}},"10":{"start":{"line":14,"column":4},"end":{"line":14,"column":15}},"11":{"start":{"line":1,"column":0},"end":{"line":1,"column":24}},"12":{"start":{"line":17,"column":12},"end":{"line":17,"column":42}},"13":{"start":{"line":18,"column":0},"end":{"line":18,"column":29}}},"fnMap":{"0":{"name":"insertSort","decl":{"start":{"line":1,"column":24},"end":{"line":1,"column":34}},"loc":{"start":{"line":1,"column":53},"end":{"line":15,"column":1}}}},"branchMap":{"0":{"loc":{"start":{"line":4,"column":8},"end":{"line":12,"column":null}},"type":"if","locations":[{"start":{"line":4,"column":8},"end":{"line":12,"column":null}},{"start":{"line":4,"column":8},"end":{"line":12,"column":null}}]},"1":{"loc":{"start":{"line":7,"column":19},"end":{"line":7,"column":25}},"type":"binary-expr","locations":[{"start":{"line":7,"column":19},"end":{"line":7,"column":25}},{"start":{"line":7,"column":29},"end":{"line":7,"column":39}}]}},"s":{"0":2,"1":2,"2":2,"3":18,"4":14,"5":14,"6":14,"7":18,"8":18,"9":14,"10":2,"11":1,"12":1,"13":1},"f":{"0":2},"b":{"0":[14,4],"1":[32,30]}}
,"D:\\1TEST\\TS实现算法\\src\\mySet.ts": {"path":"D:\\1TEST\\TS实现算法\\src\\mySet.ts","statementMap":{"0":{"start":{"line":1,"column":0},"end":{"line":1,"column":null}},"1":{"start":{"line":4,"column":8},"end":{"line":4,"column":24}},"2":{"start":{"line":6,"column":4},"end":{"line":11,"column":null}},"3":{"start":{"line":8,"column":8},"end":{"line":8,"column":44}},"4":{"start":{"line":8,"column":31},"end":{"line":8,"column":44}},"5":{"start":{"line":9,"column":8},"end":{"line":9,"column":43}},"6":{"start":{"line":10,"column":8},"end":{"line":10,"column":20}},"7":{"start":{"line":12,"column":4},"end":{"line":17,"column":null}},"8":{"start":{"line":14,"column":8},"end":{"line":14,"column":45}},"9":{"start":{"line":14,"column":32},"end":{"line":14,"column":45}},"10":{"start":{"line":15,"column":8},"end":{"line":15,"column":40}},"11":{"start":{"line":16,"column":8},"end":{"line":16,"column":20}},"12":{"start":{"line":18,"column":4},"end":{"line":21,"column":null}},"13":{"start":{"line":20,"column":8},"end":{"line":20,"column":78}},"14":{"start":{"line":22,"column":4},"end":{"line":25,"column":null}},"15":{"start":{"line":24,"column":8},"end":{"line":24,"column":24}},"16":{"start":{"line":26,"column":4},"end":{"line":29,"column":null}},"17":{"start":{"line":28,"column":8},"end":{"line":28,"column":46}},"18":{"start":{"line":30,"column":4},"end":{"line":33,"column":null}},"19":{"start":{"line":32,"column":8},"end":{"line":32,"column":41}},"20":{"start":{"line":34,"column":4},"end":{"line":40,"column":null}},"21":{"start":{"line":36,"column":22},"end":{"line":36,"column":36}},"22":{"start":{"line":37,"column":8},"end":{"line":37,"column":53}},"23":{"start":{"line":37,"column":38},"end":{"line":37,"column":52}},"24":{"start":{"line":38,"column":8},"end":{"line":38,"column":57}},"25":{"start":{"line":38,"column":42},"end":{"line":38,"column":56}},"26":{"start":{"line":39,"column":8},"end":{"line":39,"column":21}},"27":{"start":{"line":41,"column":4},"end":{"line":56,"column":null}},"28":{"start":{"line":43,"column":29},"end":{"line":43,"column":43}},"29":{"start":{"line":44,"column":25},"end":{"line":44,"column":38}},"30":{"start":{"line":45,"column":24},"end":{"line":45,"column":41}},"31":{"start":{"line":47,"column":8},"end":{"line":49,"column":null}},"32":{"start":{"line":48,"column":12},"end":{"line":48,"column":38}},"33":{"start":{"line":50,"column":8},"end":{"line":54,"column":11}},"34":{"start":{"line":51,"column":12},"end":{"line":53,"column":null}},"35":{"start":{"line":52,"column":16},"end":{"line":52,"column":37}},"36":{"start":{"line":55,"column":8},"end":{"line":55,"column":28}},"37":{"start":{"line":57,"column":4},"end":{"line":66,"column":null}},"38":{"start":{"line":59,"column":27},"end":{"line":59,"column":41}},"39":{"start":{"line":60,"column":8},"end":{"line":64,"column":11}},"40":{"start":{"line":61,"column":12},"end":{"line":63,"column":null}},"41":{"start":{"line":62,"column":16},"end":{"line":62,"column":35}},"42":{"start":{"line":65,"column":8},"end":{"line":65,"column":26}},"43":{"start":{"line":67,"column":4},"end":{"line":71,"column":null}},"44":{"start":{"line":69,"column":8},"end":{"line":69,"column":56}},"45":{"start":{"line":69,"column":43},"end":{"line":69,"column":56}},"46":{"start":{"line":70,"column":8},"end":{"line":70,"column":61}},"47":{"start":{"line":70,"column":43},"end":{"line":70,"column":60}},"48":{"start":{"line":72,"column":0},"end":{"line":72,"column":null}},"49":{"start":{"line":75,"column":4},"end":{"line":75,"column":39}},"50":{"start":{"line":74,"column":0},"end":{"line":74,"column":16}},"51":{"start":{"line":79,"column":21},"end":{"line":79,"column":25}},"52":{"start":{"line":80,"column":20},"end":{"line":80,"column":24}},"53":{"start":{"line":81,"column":4},"end":{"line":83,"column":null}},"54":{"start":{"line":82,"column":8},"end":{"line":82,"column":34}},"55":{"start":{"line":84,"column":4},"end":{"line":84,"column":70}},"56":{"start":{"line":84,"column":50},"end":{"line":84,"column":68}},"57":{"start":{"line":78,"column":0},"end":{"line":78,"column":16}},"58":{"start":{"line":88,"column":4},"end":{"line":88,"column":60}},"59":{"start":{"line":88,"column":44},"end":{"line":88,"column":58}},"60":{"start":{"line":87,"column":0},"end":{"line":87,"column":16}},"61":{"start":{"line":92,"column":4},"end":{"line":92,"column":44}},"62":{"start":{"line":92,"column":31},"end":{"line":92,"column":44}},"63":{"start":{"line":94,"column":49},"end":{"line":94,"column":77}},"64":{"start":{"line":95,"column":17},"end":{"line":95,"column":30}},"65":{"start":{"line":96,"column":14},"end":{"line":96,"column":18}},"66":{"start":{"line":97,"column":4},"end":{"line":103,"column":null}},"67":{"start":{"line":98,"column":8},"end":{"line":98,"column":39}},"68":{"start":{"line":99,"column":8},"end":{"line":102,"column":null}},"69":{"start":{"line":100,"column":12},"end":{"line":100,"column":24}},"70":{"start":{"line":101,"column":12},"end":{"line":101,"column":18}},"71":{"start":{"line":104,"column":4},"end":{"line":104,"column":15}},"72":{"start":{"line":91,"column":0},"end":{"line":91,"column":16}}},"fnMap":{"0":{"name":"(anonymous_2)","decl":{"start":{"line":1,"column":0},"end":{"line":1,"column":null}},"loc":{"start":{"line":1,"column":0},"end":{"line":72,"column":null}}},"1":{"name":"mySet","decl":{"start":{"line":3,"column":4},"end":{"line":3,"column":null}},"loc":{"start":{"line":3,"column":4},"end":{"line":5,"column":5}}},"2":{"name":"(anonymous_4)","decl":{"start":{"line":6,"column":4},"end":{"line":6,"column":7}},"loc":{"start":{"line":6,"column":18},"end":{"line":11,"column":5}}},"3":{"name":"(anonymous_5)","decl":{"start":{"line":12,"column":4},"end":{"line":12,"column":10}},"loc":{"start":{"line":12,"column":21},"end":{"line":17,"column":5}}},"4":{"name":"(anonymous_6)","decl":{"start":{"line":18,"column":4},"end":{"line":18,"column":7}},"loc":{"start":{"line":18,"column":18},"end":{"line":21,"column":5}}},"5":{"name":"(anonymous_7)","decl":{"start":{"line":22,"column":4},"end":{"line":22,"column":9}},"loc":{"start":{"line":22,"column":4},"end":{"line":25,"column":5}}},"6":{"name":"(anonymous_8)","decl":{"start":{"line":26,"column":4},"end":{"line":26,"column":8}},"loc":{"start":{"line":26,"column":4},"end":{"line":29,"column":5}}},"7":{"name":"(anonymous_9)","decl":{"start":{"line":30,"column":4},"end":{"line":30,"column":10}},"loc":{"start":{"line":30,"column":4},"end":{"line":33,"column":5}}},"8":{"name":"(anonymous_10)","decl":{"start":{"line":34,"column":4},"end":{"line":34,"column":12}},"loc":{"start":{"line":34,"column":31},"end":{"line":40,"column":5}}},"9":{"name":"(anonymous_11)","decl":{"start":{"line":37,"column":30},"end":{"line":37,"column":31}},"loc":{"start":{"line":37,"column":33},"end":{"line":37,"column":43}}},"10":{"name":"(anonymous_12)","decl":{"start":{"line":38,"column":34},"end":{"line":38,"column":35}},"loc":{"start":{"line":38,"column":37},"end":{"line":38,"column":47}}},"11":{"name":"(anonymous_13)","decl":{"start":{"line":41,"column":4},"end":{"line":41,"column":19}},"loc":{"start":{"line":41,"column":38},"end":{"line":56,"column":5}}},"12":{"name":"(anonymous_14)","decl":{"start":{"line":50,"column":27},"end":{"line":50,"column":28}},"loc":{"start":{"line":50,"column":30},"end":{"line":54,"column":9}}},"13":{"name":"(anonymous_15)","decl":{"start":{"line":57,"column":4},"end":{"line":57,"column":17}},"loc":{"start":{"line":57,"column":36},"end":{"line":66,"column":5}}},"14":{"name":"(anonymous_16)","decl":{"start":{"line":60,"column":30},"end":{"line":60,"column":31}},"loc":{"start":{"line":60,"column":33},"end":{"line":64,"column":9}}},"15":{"name":"(anonymous_17)","decl":{"start":{"line":67,"column":4},"end":{"line":67,"column":14}},"loc":{"start":{"line":67,"column":33},"end":{"line":71,"column":5}}},"16":{"name":"(anonymous_18)","decl":{"start":{"line":70,"column":35},"end":{"line":70,"column":36}},"loc":{"start":{"line":70,"column":38},"end":{"line":70,"column":51}}},"17":{"name":"getUnion","decl":{"start":{"line":74,"column":16},"end":{"line":74,"column":24}},"loc":{"start":{"line":74,"column":54},"end":{"line":76,"column":1}}},"18":{"name":"getIntersection","decl":{"start":{"line":78,"column":16},"end":{"line":78,"column":31}},"loc":{"start":{"line":78,"column":61},"end":{"line":85,"column":1}}},"19":{"name":"(anonymous_21)","decl":{"start":{"line":84,"column":42},"end":{"line":84,"column":43}},"loc":{"start":{"line":84,"column":45},"end":{"line":84,"column":59}}},"20":{"name":"getDifference","decl":{"start":{"line":87,"column":16},"end":{"line":87,"column":29}},"loc":{"start":{"line":87,"column":59},"end":{"line":89,"column":1}}},"21":{"name":"(anonymous_23)","decl":{"start":{"line":88,"column":36},"end":{"line":88,"column":37}},"loc":{"start":{"line":88,"column":39},"end":{"line":88,"column":45}}},"22":{"name":"isSubsetOf","decl":{"start":{"line":91,"column":16},"end":{"line":91,"column":26}},"loc":{"start":{"line":91,"column":56},"end":{"line":105,"column":1}}}},"branchMap":{"0":{"loc":{"start":{"line":8,"column":8},"end":{"line":8,"column":44}},"type":"if","locations":[{"start":{"line":8,"column":8},"end":{"line":8,"column":44}},{"start":{"line":8,"column":8},"end":{"line":8,"column":44}}]},"1":{"loc":{"start":{"line":14,"column":8},"end":{"line":14,"column":45}},"type":"if","locations":[{"start":{"line":14,"column":8},"end":{"line":14,"column":45}},{"start":{"line":14,"column":8},"end":{"line":14,"column":45}}]},"2":{"loc":{"start":{"line":47,"column":8},"end":{"line":49,"column":null}},"type":"if","locations":[{"start":{"line":47,"column":8},"end":{"line":49,"column":null}},{"start":{"line":47,"column":8},"end":{"line":49,"column":null}}]},"3":{"loc":{"start":{"line":51,"column":12},"end":{"line":53,"column":null}},"type":"if","locations":[{"start":{"line":51,"column":12},"end":{"line":53,"column":null}},{"start":{"line":51,"column":12},"end":{"line":53,"column":null}}]},"4":{"loc":{"start":{"line":61,"column":12},"end":{"line":63,"column":null}},"type":"if","locations":[{"start":{"line":61,"column":12},"end":{"line":63,"column":null}},{"start":{"line":61,"column":12},"end":{"line":63,"column":null}}]},"5":{"loc":{"start":{"line":69,"column":8},"end":{"line":69,"column":56}},"type":"if","locations":[{"start":{"line":69,"column":8},"end":{"line":69,"column":56}},{"start":{"line":69,"column":8},"end":{"line":69,"column":56}}]},"6":{"loc":{"start":{"line":81,"column":4},"end":{"line":83,"column":null}},"type":"if","locations":[{"start":{"line":81,"column":4},"end":{"line":83,"column":null}},{"start":{"line":81,"column":4},"end":{"line":83,"column":null}}]},"7":{"loc":{"start":{"line":92,"column":4},"end":{"line":92,"column":44}},"type":"if","locations":[{"start":{"line":92,"column":4},"end":{"line":92,"column":44}},{"start":{"line":92,"column":4},"end":{"line":92,"column":44}}]},"8":{"loc":{"start":{"line":99,"column":8},"end":{"line":102,"column":null}},"type":"if","locations":[{"start":{"line":99,"column":8},"end":{"line":102,"column":null}},{"start":{"line":99,"column":8},"end":{"line":102,"column":null}}]},"9":{"loc":{"start":{"line":99,"column":12},"end":{"line":99,"column":32}},"type":"binary-expr","locations":[{"start":{"line":99,"column":12},"end":{"line":99,"column":32}},{"start":{"line":99,"column":36},"end":{"line":99,"column":67}}]}},"s":{"0":1,"1":7,"2":1,"3":39,"4":2,"5":37,"6":37,"7":1,"8":3,"9":1,"10":2,"11":2,"12":1,"13":52,"14":1,"15":8,"16":1,"17":6,"18":1,"19":17,"20":1,"21":1,"22":1,"23":2,"24":1,"25":2,"26":1,"27":1,"28":2,"29":2,"30":2,"31":2,"32":1,"33":2,"34":3,"35":2,"36":2,"37":1,"38":2,"39":2,"40":8,"41":5,"42":2,"43":1,"44":2,"45":1,"46":1,"47":2,"48":1,"49":1,"50":1,"51":2,"52":2,"53":2,"54":1,"55":2,"56":6,"57":1,"58":1,"59":3,"60":1,"61":3,"62":1,"63":2,"64":2,"65":2,"66":2,"67":4,"68":4,"69":1,"70":1,"71":2,"72":1},"f":{"0":1,"1":7,"2":39,"3":3,"4":52,"5":8,"6":6,"7":17,"8":1,"9":2,"10":2,"11":2,"12":3,"13":2,"14":8,"15":2,"16":2,"17":1,"18":2,"19":6,"20":1,"21":3,"22":3},"b":{"0":[2,37],"1":[1,2],"2":[1,1],"3":[2,1],"4":[5,3],"5":[1,1],"6":[1,1],"7":[1,2],"8":[1,3],"9":[4,3]}}
,"D:\\1TEST\\TS实现算法\\src\\queue.ts": {"path":"D:\\1TEST\\TS实现算法\\src\\queue.ts","statementMap":{"0":{"start":{"line":1,"column":0},"end":{"line":1,"column":null}},"1":{"start":{"line":7,"column":8},"end":{"line":7,"column":23}},"2":{"start":{"line":8,"column":8},"end":{"line":8,"column":29}},"3":{"start":{"line":9,"column":8},"end":{"line":9,"column":24}},"4":{"start":{"line":12,"column":4},"end":{"line":20,"column":null}},"5":{"start":{"line":12,"column":4},"end":{"line":12,"column":11}},"6":{"start":{"line":12,"column":12},"end":{"line":12,"column":32}},"7":{"start":{"line":13,"column":8},"end":{"line":19,"column":null}},"8":{"start":{"line":14,"column":12},"end":{"line":14,"column":69}},"9":{"start":{"line":16,"column":12},"end":{"line":18,"column":15}},"10":{"start":{"line":17,"column":16},"end":{"line":17,"column":74}},"11":{"start":{"line":22,"column":4},"end":{"line":28,"column":null}},"12":{"start":{"line":23,"column":8},"end":{"line":23,"column":45}},"13":{"start":{"line":23,"column":28},"end":{"line":23,"column":45}},"14":{"start":{"line":24,"column":21},"end":{"line":24,"column":49}},"15":{"start":{"line":25,"column":8},"end":{"line":25,"column":46}},"16":{"start":{"line":26,"column":8},"end":{"line":26,"column":21}},"17":{"start":{"line":27,"column":8},"end":{"line":27,"column":22}},"18":{"start":{"line":30,"column":4},"end":{"line":32,"column":null}},"19":{"start":{"line":31,"column":8},"end":{"line":31,"column":32}},"20":{"start":{"line":34,"column":4},"end":{"line":36,"column":null}},"21":{"start":{"line":35,"column":8},"end":{"line":35,"column":73}},"22":{"start":{"line":38,"column":4},"end":{"line":40,"column":null}},"23":{"start":{"line":39,"column":8},"end":{"line":39,"column":26}},"24":{"start":{"line":42,"column":4},"end":{"line":45,"column":null}},"25":{"start":{"line":43,"column":8},"end":{"line":43,"column":24}},"26":{"start":{"line":44,"column":8},"end":{"line":44,"column":42}},"27":{"start":{"line":47,"column":4},"end":{"line":53,"column":null}},"28":{"start":{"line":47,"column":4},"end":{"line":47,"column":12}},"29":{"start":{"line":47,"column":13},"end":{"line":47,"column":null}},"30":{"start":{"line":48,"column":8},"end":{"line":52,"column":28}},"31":{"start":{"line":51,"column":39},"end":{"line":51,"column":81}},"32":{"start":{"line":54,"column":0},"end":{"line":54,"column":null}}},"fnMap":{"0":{"name":"(anonymous_0)","decl":{"start":{"line":1,"column":0},"end":{"line":1,"column":null}},"loc":{"start":{"line":1,"column":0},"end":{"line":54,"column":null}}},"1":{"name":"Queue","decl":{"start":{"line":6,"column":4},"end":{"line":6,"column":null}},"loc":{"start":{"line":6,"column":4},"end":{"line":10,"column":5}}},"2":{"name":"(anonymous_2)","decl":{"start":{"line":12,"column":4},"end":{"line":12,"column":11}},"loc":{"start":{"line":12,"column":4},"end":{"line":20,"column":5}}},"3":{"name":"(anonymous_3)","decl":{"start":{"line":16,"column":28},"end":{"line":16,"column":29}},"loc":{"start":{"line":16,"column":31},"end":{"line":18,"column":13}}},"4":{"name":"(anonymous_4)","decl":{"start":{"line":22,"column":4},"end":{"line":22,"column":11}},"loc":{"start":{"line":22,"column":4},"end":{"line":28,"column":5}}},"5":{"name":"(anonymous_5)","decl":{"start":{"line":30,"column":4},"end":{"line":30,"column":11}},"loc":{"start":{"line":30,"column":4},"end":{"line":32,"column":5}}},"6":{"name":"(anonymous_6)","decl":{"start":{"line":34,"column":4},"end":{"line":34,"column":8}},"loc":{"start":{"line":34,"column":4},"end":{"line":36,"column":5}}},"7":{"name":"(anonymous_7)","decl":{"start":{"line":38,"column":4},"end":{"line":38,"column":8}},"loc":{"start":{"line":38,"column":4},"end":{"line":40,"column":5}}},"8":{"name":"(anonymous_8)","decl":{"start":{"line":42,"column":4},"end":{"line":42,"column":9}},"loc":{"start":{"line":42,"column":4},"end":{"line":45,"column":5}}},"9":{"name":"(anonymous_9)","decl":{"start":{"line":47,"column":4},"end":{"line":47,"column":12}},"loc":{"start":{"line":47,"column":28},"end":{"line":53,"column":5}}},"10":{"name":"(anonymous_10)","decl":{"start":{"line":51,"column":26},"end":{"line":51,"column":27}},"loc":{"start":{"line":51,"column":34},"end":{"line":51,"column":40}}}},"branchMap":{"0":{"loc":{"start":{"line":13,"column":8},"end":{"line":19,"column":null}},"type":"if","locations":[{"start":{"line":13,"column":8},"end":{"line":19,"column":null}},{"start":{"line":13,"column":8},"end":{"line":19,"column":null}}]},"1":{"loc":{"start":{"line":23,"column":8},"end":{"line":23,"column":45}},"type":"if","locations":[{"start":{"line":23,"column":8},"end":{"line":23,"column":45}},{"start":{"line":23,"column":8},"end":{"line":23,"column":45}}]},"2":{"loc":{"start":{"line":35,"column":32},"end":{"line":35,"column":41}},"type":"cond-expr","locations":[{"start":{"line":35,"column":32},"end":{"line":35,"column":41}},{"start":{"line":35,"column":44},"end":{"line":35,"column":72}}]},"3":{"loc":{"start":{"line":47,"column":13},"end":{"line":47,"column":null}},"type":"if","locations":[{"start":{"line":47,"column":13},"end":{"line":47,"column":null}},{"start":{"line":47,"column":13},"end":{"line":47,"column":null}}]},"4":{"loc":{"start":{"line":49,"column":14},"end":{"line":49,"column":16}},"type":"cond-expr","locations":[{"start":{"line":49,"column":14},"end":{"line":49,"column":16}},{"start":{"line":50,"column":14},"end":{"line":52,"column":27}}]}},"s":{"0":1,"1":1,"2":1,"3":1,"4":1,"5":2,"6":8,"7":2,"8":1,"9":1,"10":3,"11":1,"12":4,"13":1,"14":3,"15":3,"16":3,"17":3,"18":1,"19":12,"20":1,"21":3,"22":1,"23":4,"24":1,"25":1,"26":1,"27":1,"28":3,"29":5,"30":3,"31":4,"32":1},"f":{"0":1,"1":1,"2":2,"3":3,"4":4,"5":12,"6":3,"7":4,"8":1,"9":3,"10":4},"b":{"0":[1,1],"1":[1,3],"2":[1,2],"3":[2,1],"4":[1,2]}}
,"D:\\1TEST\\TS实现算法\\src\\stack.ts": {"path":"D:\\1TEST\\TS实现算法\\src\\stack.ts","statementMap":{"0":{"start":{"line":1,"column":0},"end":{"line":1,"column":null}},"1":{"start":{"line":5,"column":8},"end":{"line":5,"column":24}},"2":{"start":{"line":8,"column":4},"end":{"line":10,"column":null}},"3":{"start":{"line":9,"column":8},"end":{"line":9,"column":40}},"4":{"start":{"line":12,"column":4},"end":{"line":14,"column":null}},"5":{"start":{"line":13,"column":8},"end":{"line":13,"column":32}},"6":{"start":{"line":16,"column":4},"end":{"line":18,"column":null}},"7":{"start":{"line":17,"column":8},"end":{"line":17,"column":49}},"8":{"start":{"line":20,"column":4},"end":{"line":22,"column":null}},"9":{"start":{"line":21,"column":8},"end":{"line":21,"column":39}},"10":{"start":{"line":24,"column":4},"end":{"line":26,"column":null}},"11":{"start":{"line":25,"column":8},"end":{"line":25,"column":33}},"12":{"start":{"line":28,"column":4},"end":{"line":30,"column":null}},"13":{"start":{"line":29,"column":8},"end":{"line":29,"column":24}},"14":{"start":{"line":32,"column":4},"end":{"line":34,"column":null}},"15":{"start":{"line":32,"column":13},"end":{"line":32,"column":null}},"16":{"start":{"line":33,"column":8},"end":{"line":33,"column":53}},"17":{"start":{"line":35,"column":0},"end":{"line":35,"column":null}}},"fnMap":{"0":{"name":"(anonymous_0)","decl":{"start":{"line":1,"column":0},"end":{"line":1,"column":null}},"loc":{"start":{"line":1,"column":0},"end":{"line":35,"column":null}}},"1":{"name":"Stack","decl":{"start":{"line":4,"column":4},"end":{"line":4,"column":null}},"loc":{"start":{"line":4,"column":4},"end":{"line":6,"column":5}}},"2":{"name":"(anonymous_2)","decl":{"start":{"line":8,"column":4},"end":{"line":8,"column":8}},"loc":{"start":{"line":8,"column":19},"end":{"line":10,"column":5}}},"3":{"name":"(anonymous_3)","decl":{"start":{"line":12,"column":4},"end":{"line":12,"column":7}},"loc":{"start":{"line":12,"column":4},"end":{"line":14,"column":5}}},"4":{"name":"(anonymous_4)","decl":{"start":{"line":16,"column":4},"end":{"line":16,"column":8}},"loc":{"start":{"line":16,"column":4},"end":{"line":18,"column":5}}},"5":{"name":"(anonymous_5)","decl":{"start":{"line":20,"column":4},"end":{"line":20,"column":11}},"loc":{"start":{"line":20,"column":4},"end":{"line":22,"column":5}}},"6":{"name":"(anonymous_6)","decl":{"start":{"line":24,"column":4},"end":{"line":24,"column":8}},"loc":{"start":{"line":24,"column":4},"end":{"line":26,"column":5}}},"7":{"name":"(anonymous_7)","decl":{"start":{"line":28,"column":4},"end":{"line":28,"column":9}},"loc":{"start":{"line":28,"column":4},"end":{"line":30,"column":5}}},"8":{"name":"(anonymous_8)","decl":{"start":{"line":32,"column":4},"end":{"line":32,"column":12}},"loc":{"start":{"line":32,"column":28},"end":{"line":34,"column":5}}}},"branchMap":{"0":{"loc":{"start":{"line":32,"column":13},"end":{"line":32,"column":null}},"type":"if","locations":[{"start":{"line":32,"column":13},"end":{"line":32,"column":null}},{"start":{"line":32,"column":13},"end":{"line":32,"column":null}}]}},"s":{"0":1,"1":1,"2":1,"3":3,"4":1,"5":1,"6":1,"7":1,"8":1,"9":3,"10":1,"11":2,"12":1,"13":1,"14":1,"15":3,"16":2,"17":1},"f":{"0":1,"1":1,"2":3,"3":1,"4":1,"5":3,"6":2,"7":1,"8":2},"b":{"0":[1,1]}}
,"D:\\1TEST\\TS实现算法\\src\\stackObj.ts": {"path":"D:\\1TEST\\TS实现算法\\src\\stackObj.ts","statementMap":{"0":{"start":{"line":1,"column":0},"end":{"line":1,"column":null}},"1":{"start":{"line":6,"column":8},"end":{"line":6,"column":23}},"2":{"start":{"line":7,"column":8},"end":{"line":7,"column":24}},"3":{"start":{"line":10,"column":4},"end":{"line":12,"column":null}},"4":{"start":{"line":11,"column":8},"end":{"line":11,"column":43}},"5":{"start":{"line":14,"column":4},"end":{"line":16,"column":null}},"6":{"start":{"line":15,"column":8},"end":{"line":15,"column":26}},"7":{"start":{"line":18,"column":4},"end":{"line":20,"column":null}},"8":{"start":{"line":19,"column":8},"end":{"line":19,"column":32}},"9":{"start":{"line":22,"column":4},"end":{"line":25,"column":null}},"10":{"start":{"line":23,"column":8},"end":{"line":23,"column":45}},"11":{"start":{"line":23,"column":28},"end":{"line":23,"column":45}},"12":{"start":{"line":24,"column":8},"end":{"line":24,"column":42}},"13":{"start":{"line":27,"column":4},"end":{"line":32,"column":null}},"14":{"start":{"line":28,"column":8},"end":{"line":28,"column":45}},"15":{"start":{"line":28,"column":28},"end":{"line":28,"column":45}},"16":{"start":{"line":29,"column":23},"end":{"line":29,"column":47}},"17":{"start":{"line":30,"column":8},"end":{"line":30,"column":38}},"18":{"start":{"line":31,"column":8},"end":{"line":31,"column":22}},"19":{"start":{"line":34,"column":4},"end":{"line":37,"column":null}},"20":{"start":{"line":35,"column":8},"end":{"line":35,"column":24}},"21":{"start":{"line":36,"column":8},"end":{"line":36,"column":23}},"22":{"start":{"line":39,"column":4},"end":{"line":46,"column":null}},"23":{"start":{"line":39,"column":4},"end":{"line":39,"column":12}},"24":{"start":{"line":39,"column":13},"end":{"line":39,"column":null}},"25":{"start":{"line":40,"column":8},"end":{"line":40,"column":38}},"26":{"start":{"line":40,"column":28},"end":{"line":40,"column":38}},"27":{"start":{"line":41,"column":8},"end":{"line":45,"column":22}},"28":{"start":{"line":43,"column":16},"end":{"line":43,"column":64}},"29":{"start":{"line":47,"column":0},"end":{"line":47,"column":null}}},"fnMap":{"0":{"name":"(anonymous_0)","decl":{"start":{"line":1,"column":0},"end":{"line":1,"column":null}},"loc":{"start":{"line":1,"column":0},"end":{"line":47,"column":null}}},"1":{"name":"stackObj","decl":{"start":{"line":5,"column":4},"end":{"line":5,"column":null}},"loc":{"start":{"line":5,"column":4},"end":{"line":8,"column":5}}},"2":{"name":"(anonymous_2)","decl":{"start":{"line":10,"column":4},"end":{"line":10,"column":8}},"loc":{"start":{"line":10,"column":19},"end":{"line":12,"column":5}}},"3":{"name":"(anonymous_3)","decl":{"start":{"line":14,"column":4},"end":{"line":14,"column":8}},"loc":{"start":{"line":14,"column":4},"end":{"line":16,"column":5}}},"4":{"name":"(anonymous_4)","decl":{"start":{"line":18,"column":4},"end":{"line":18,"column":11}},"loc":{"start":{"line":18,"column":4},"end":{"line":20,"column":5}}},"5":{"name":"(anonymous_5)","decl":{"start":{"line":22,"column":4},"end":{"line":22,"column":8}},"loc":{"start":{"line":22,"column":4},"end":{"line":25,"column":5}}},"6":{"name":"(anonymous_6)","decl":{"start":{"line":27,"column":4},"end":{"line":27,"column":7}},"loc":{"start":{"line":27,"column":4},"end":{"line":32,"column":5}}},"7":{"name":"(anonymous_7)","decl":{"start":{"line":34,"column":4},"end":{"line":34,"column":9}},"loc":{"start":{"line":34,"column":4},"end":{"line":37,"column":5}}},"8":{"name":"(anonymous_8)","decl":{"start":{"line":39,"column":4},"end":{"line":39,"column":12}},"loc":{"start":{"line":39,"column":28},"end":{"line":46,"column":5}}},"9":{"name":"(anonymous_9)","decl":{"start":{"line":42,"column":20},"end":{"line":42,"column":21}},"loc":{"start":{"line":42,"column":28},"end":{"line":44,"column":13}}}},"branchMap":{"0":{"loc":{"start":{"line":23,"column":8},"end":{"line":23,"column":45}},"type":"if","locations":[{"start":{"line":23,"column":8},"end":{"line":23,"column":45}},{"start":{"line":23,"column":8},"end":{"line":23,"column":45}}]},"1":{"loc":{"start":{"line":28,"column":8},"end":{"line":28,"column":45}},"type":"if","locations":[{"start":{"line":28,"column":8},"end":{"line":28,"column":45}},{"start":{"line":28,"column":8},"end":{"line":28,"column":45}}]},"2":{"loc":{"start":{"line":39,"column":13},"end":{"line":39,"column":null}},"type":"if","locations":[{"start":{"line":39,"column":13},"end":{"line":39,"column":null}},{"start":{"line":39,"column":13},"end":{"line":39,"column":null}}]},"3":{"loc":{"start":{"line":40,"column":8},"end":{"line":40,"column":38}},"type":"if","locations":[{"start":{"line":40,"column":8},"end":{"line":40,"column":38}},{"start":{"line":40,"column":8},"end":{"line":40,"column":38}}]}},"s":{"0":1,"1":1,"2":1,"3":1,"4":3,"5":1,"6":2,"7":1,"8":10,"9":1,"10":2,"11":1,"12":1,"13":1,"14":2,"15":1,"16":1,"17":1,"18":1,"19":1,"20":1,"21":1,"22":1,"23":3,"24":5,"25":3,"26":1,"27":2,"28":4,"29":1},"f":{"0":1,"1":1,"2":3,"3":2,"4":10,"5":2,"6":2,"7":1,"8":3,"9":4},"b":{"0":[1,1],"1":[1,1],"2":[2,1],"3":[1,2]}}
,"D:\\1TEST\\TS实现算法\\src\\use\\palindromeChecker.ts": {"path":"D:\\1TEST\\TS实现算法\\src\\use\\palindromeChecker.ts","statementMap":{"0":{"start":{"line":1,"column":0},"end":{"line":1,"column":29}},"1":{"start":{"line":4,"column":4},"end":{"line":4,"column":41}},"2":{"start":{"line":4,"column":28},"end":{"line":4,"column":41}},"3":{"start":{"line":5,"column":18},"end":{"line":5,"column":37}},"4":{"start":{"line":7,"column":4},"end":{"line":7,"column":80}},"5":{"start":{"line":8,"column":17},"end":{"line":8,"column":21}},"6":{"start":{"line":9,"column":4},"end":{"line":13,"column":null}},"7":{"start":{"line":12,"column":8},"end":{"line":12,"column":60}},"8":{"start":{"line":14,"column":4},"end":{"line":14,"column":18}},"9":{"start":{"line":3,"column":0},"end":{"line":3,"column":24}}},"fnMap":{"0":{"name":"palindromeChecker","decl":{"start":{"line":3,"column":24},"end":{"line":3,"column":41}},"loc":{"start":{"line":3,"column":57},"end":{"line":15,"column":1}}}},"branchMap":{"0":{"loc":{"start":{"line":4,"column":4},"end":{"line":4,"column":41}},"type":"if","locations":[{"start":{"line":4,"column":4},"end":{"line":4,"column":41}},{"start":{"line":4,"column":4},"end":{"line":4,"column":41}}]},"1":{"loc":{"start":{"line":9,"column":11},"end":{"line":9,"column":27}},"type":"binary-expr","locations":[{"start":{"line":9,"column":11},"end":{"line":9,"column":27}},{"start":{"line":9,"column":31},"end":{"line":9,"column":37}}]}},"s":{"0":1,"1":7,"2":1,"3":6,"4":6,"5":6,"6":6,"7":20,"8":6,"9":1},"f":{"0":7},"b":{"0":[1,6],"1":[26,21]}}
}
