TN:
SF:src\deque.ts
FN:1,(anonymous_0)
FN:6,DeQue
FN:12,(anonymous_2)
FN:15,(anonymous_3)
FN:34,(anonymous_4)
FN:42,(anonymous_5)
FN:49,(anonymous_6)
FN:53,(anonymous_7)
FN:57,(anonymous_8)
FN:61,(anonymous_9)
FN:67,(anonymous_10)
FN:72,(anonymous_11)
FN:76,(anonymous_12)
FN:81,(anonymous_13)
FN:85,(anonymous_14)
FNF:15
FNH:8
FNDA:1,(anonymous_0)
FNDA:6,DeQue
FNDA:0,(anonymous_2)
FNDA:0,(anonymous_3)
FNDA:20,(anonymous_4)
FNDA:20,(anonymous_5)
FNDA:0,(anonymous_6)
FNDA:0,(anonymous_7)
FNDA:6,(anonymous_8)
FNDA:46,(anonymous_9)
FNDA:40,(anonymous_10)
FNDA:26,(anonymous_11)
FNDA:0,(anonymous_12)
FNDA:0,(anonymous_13)
FNDA:0,(anonymous_14)
DA:1,1
DA:7,6
DA:8,6
DA:9,6
DA:12,1
DA:13,0
DA:14,0
DA:15,0
DA:18,0
DA:19,0
DA:20,0
DA:23,0
DA:24,0
DA:25,0
DA:26,0
DA:27,0
DA:29,0
DA:31,0
DA:34,1
DA:35,20
DA:36,20
DA:37,20
DA:38,20
DA:39,20
DA:42,1
DA:43,20
DA:44,20
DA:45,20
DA:46,20
DA:49,1
DA:50,0
DA:53,1
DA:54,0
DA:57,59
DA:58,6
DA:59,1
DA:61,5
DA:62,46
DA:67,1
DA:69,40
DA:72,1
DA:73,26
DA:76,1
DA:77,0
DA:78,0
DA:81,1
DA:82,0
DA:85,0
DA:88,1
LF:49
LH:30
BRDA:13,0,0,0
BRDA:13,0,1,0
BRDA:14,1,0,0
BRDA:14,1,1,0
BRDA:19,2,0,0
BRDA:19,2,1,0
BRDA:23,3,0,0
BRDA:23,3,1,0
BRDA:25,4,0,0
BRDA:25,4,1,0
BRDA:35,5,0,0
BRDA:35,5,1,20
BRDA:43,6,0,0
BRDA:43,6,1,20
BRDA:58,7,0,1
BRDA:58,7,1,5
BRDA:81,8,0,0
BRDA:81,8,1,0
BRDA:83,9,0,0
BRDA:83,9,1,0
BRF:20
BRH:4
end_of_record
TN:
SF:src\insertSort.ts
FN:1,insertSort
FNF:1
FNH:1
FNDA:2,insertSort
DA:1,1
DA:2,2
DA:3,2
DA:4,18
DA:5,14
DA:6,14
DA:7,14
DA:8,18
DA:9,18
DA:11,14
DA:14,2
DA:17,1
DA:18,1
LF:13
LH:13
BRDA:4,0,0,14
BRDA:4,0,1,4
BRDA:7,1,0,32
BRDA:7,1,1,30
BRF:4
BRH:4
end_of_record
TN:
SF:src\mySet.ts
FN:1,(anonymous_2)
FN:3,mySet
FN:6,(anonymous_4)
FN:12,(anonymous_5)
FN:18,(anonymous_6)
FN:22,(anonymous_7)
FN:26,(anonymous_8)
FN:30,(anonymous_9)
FN:34,(anonymous_10)
FN:37,(anonymous_11)
FN:38,(anonymous_12)
FN:41,(anonymous_13)
FN:50,(anonymous_14)
FN:57,(anonymous_15)
FN:60,(anonymous_16)
FN:67,(anonymous_17)
FN:70,(anonymous_18)
FN:74,getUnion
FN:78,getIntersection
FN:84,(anonymous_21)
FN:87,getDifference
FN:88,(anonymous_23)
FN:91,isSubsetOf
FNF:23
FNH:23
FNDA:1,(anonymous_2)
FNDA:7,mySet
FNDA:39,(anonymous_4)
FNDA:3,(anonymous_5)
FNDA:52,(anonymous_6)
FNDA:8,(anonymous_7)
FNDA:6,(anonymous_8)
FNDA:17,(anonymous_9)
FNDA:1,(anonymous_10)
FNDA:2,(anonymous_11)
FNDA:2,(anonymous_12)
FNDA:2,(anonymous_13)
FNDA:3,(anonymous_14)
FNDA:2,(anonymous_15)
FNDA:8,(anonymous_16)
FNDA:2,(anonymous_17)
FNDA:2,(anonymous_18)
FNDA:1,getUnion
FNDA:2,getIntersection
FNDA:6,(anonymous_21)
FNDA:1,getDifference
FNDA:3,(anonymous_23)
FNDA:3,isSubsetOf
DA:1,1
DA:4,7
DA:6,1
DA:8,39
DA:9,37
DA:10,37
DA:12,1
DA:14,3
DA:15,2
DA:16,2
DA:18,1
DA:20,52
DA:22,1
DA:24,8
DA:26,1
DA:28,6
DA:30,1
DA:32,17
DA:34,1
DA:36,1
DA:37,2
DA:38,2
DA:39,1
DA:41,1
DA:43,2
DA:44,2
DA:45,2
DA:47,2
DA:48,1
DA:50,2
DA:51,3
DA:52,2
DA:55,2
DA:57,1
DA:59,2
DA:60,2
DA:61,8
DA:62,5
DA:65,2
DA:67,1
DA:69,2
DA:70,2
DA:72,1
DA:74,1
DA:75,1
DA:78,1
DA:79,2
DA:80,2
DA:81,2
DA:82,1
DA:84,6
DA:87,1
DA:88,3
DA:91,1
DA:92,3
DA:94,2
DA:95,2
DA:96,2
DA:97,2
DA:98,4
DA:99,4
DA:100,1
DA:101,1
DA:104,2
LF:64
LH:64
BRDA:8,0,0,2
BRDA:8,0,1,37
BRDA:14,1,0,1
BRDA:14,1,1,2
BRDA:47,2,0,1
BRDA:47,2,1,1
BRDA:51,3,0,2
BRDA:51,3,1,1
BRDA:61,4,0,5
BRDA:61,4,1,3
BRDA:69,5,0,1
BRDA:69,5,1,1
BRDA:81,6,0,1
BRDA:81,6,1,1
BRDA:92,7,0,1
BRDA:92,7,1,2
BRDA:99,8,0,1
BRDA:99,8,1,3
BRDA:99,9,0,4
BRDA:99,9,1,3
BRF:20
BRH:20
end_of_record
TN:
SF:src\queue.ts
FN:1,(anonymous_0)
FN:6,Queue
FN:12,(anonymous_2)
FN:16,(anonymous_3)
FN:22,(anonymous_4)
FN:30,(anonymous_5)
FN:34,(anonymous_6)
FN:38,(anonymous_7)
FN:42,(anonymous_8)
FN:47,(anonymous_9)
FN:51,(anonymous_10)
FNF:11
FNH:11
FNDA:1,(anonymous_0)
FNDA:1,Queue
FNDA:2,(anonymous_2)
FNDA:3,(anonymous_3)
FNDA:4,(anonymous_4)
FNDA:12,(anonymous_5)
FNDA:3,(anonymous_6)
FNDA:4,(anonymous_7)
FNDA:1,(anonymous_8)
FNDA:3,(anonymous_9)
FNDA:4,(anonymous_10)
DA:1,1
DA:7,1
DA:8,1
DA:9,1
DA:12,8
DA:13,2
DA:14,1
DA:16,1
DA:17,3
DA:22,1
DA:23,4
DA:24,3
DA:25,3
DA:26,3
DA:27,3
DA:30,1
DA:31,12
DA:34,1
DA:35,3
DA:38,1
DA:39,4
DA:42,1
DA:43,1
DA:44,1
DA:47,5
DA:48,3
DA:51,4
DA:54,1
LF:28
LH:28
BRDA:13,0,0,1
BRDA:13,0,1,1
BRDA:23,1,0,1
BRDA:23,1,1,3
BRDA:35,2,0,1
BRDA:35,2,1,2
BRDA:47,3,0,2
BRDA:47,3,1,1
BRDA:49,4,0,1
BRDA:49,4,1,2
BRF:10
BRH:10
end_of_record
TN:
SF:src\stack.ts
FN:1,(anonymous_0)
FN:4,Stack
FN:8,(anonymous_2)
FN:12,(anonymous_3)
FN:16,(anonymous_4)
FN:20,(anonymous_5)
FN:24,(anonymous_6)
FN:28,(anonymous_7)
FN:32,(anonymous_8)
FNF:9
FNH:9
FNDA:1,(anonymous_0)
FNDA:1,Stack
FNDA:3,(anonymous_2)
FNDA:1,(anonymous_3)
FNDA:1,(anonymous_4)
FNDA:3,(anonymous_5)
FNDA:2,(anonymous_6)
FNDA:1,(anonymous_7)
FNDA:2,(anonymous_8)
DA:1,1
DA:5,1
DA:8,1
DA:9,3
DA:12,1
DA:13,1
DA:16,1
DA:17,1
DA:20,1
DA:21,3
DA:24,1
DA:25,2
DA:28,1
DA:29,1
DA:32,3
DA:33,2
DA:35,1
LF:17
LH:17
BRDA:32,0,0,1
BRDA:32,0,1,1
BRF:2
BRH:2
end_of_record
TN:
SF:src\stackObj.ts
FN:1,(anonymous_0)
FN:5,stackObj
FN:10,(anonymous_2)
FN:14,(anonymous_3)
FN:18,(anonymous_4)
FN:22,(anonymous_5)
FN:27,(anonymous_6)
FN:34,(anonymous_7)
FN:39,(anonymous_8)
FN:42,(anonymous_9)
FNF:10
FNH:10
FNDA:1,(anonymous_0)
FNDA:1,stackObj
FNDA:3,(anonymous_2)
FNDA:2,(anonymous_3)
FNDA:10,(anonymous_4)
FNDA:2,(anonymous_5)
FNDA:2,(anonymous_6)
FNDA:1,(anonymous_7)
FNDA:3,(anonymous_8)
FNDA:4,(anonymous_9)
DA:1,1
DA:6,1
DA:7,1
DA:10,1
DA:11,3
DA:14,1
DA:15,2
DA:18,1
DA:19,10
DA:22,1
DA:23,2
DA:24,1
DA:27,1
DA:28,2
DA:29,1
DA:30,1
DA:31,1
DA:34,1
DA:35,1
DA:36,1
DA:39,5
DA:40,3
DA:41,2
DA:43,4
DA:47,1
LF:25
LH:25
BRDA:23,0,0,1
BRDA:23,0,1,1
BRDA:28,1,0,1
BRDA:28,1,1,1
BRDA:39,2,0,2
BRDA:39,2,1,1
BRDA:40,3,0,1
BRDA:40,3,1,2
BRF:8
BRH:8
end_of_record
TN:
SF:src\use\palindromeChecker.ts
FN:3,palindromeChecker
FNF:1
FNH:1
FNDA:7,palindromeChecker
DA:1,1
DA:3,1
DA:4,7
DA:5,6
DA:7,6
DA:8,6
DA:9,6
DA:12,20
DA:14,6
LF:9
LH:9
BRDA:4,0,0,1
BRDA:4,0,1,6
BRDA:9,1,0,26
BRDA:9,1,1,21
BRF:4
BRH:4
end_of_record
